   Compiling ring v0.17.14
   Compiling ring v0.16.20
   Compiling tokio v1.47.1
   Compiling rand_chacha v0.3.1
   Compiling icu_properties v2.0.1
   Compiling futures-util v0.3.31
   Compiling num-traits v0.2.19
   Compiling http v0.2.12
   Compiling instant v0.1.13
   Compiling idna_adapter v1.2.1
   Compiling idna v1.1.0
   Compiling scopeguard v1.2.0
   Compiling tinyvec_macros v0.1.1
   Compiling base64 v0.21.7
   Compiling webpki v0.22.4
   Compiling sct v0.7.1
   Compiling url v2.5.7
   Compiling tinyvec v1.10.0
   Compiling lock_api v0.4.13
   Compiling parking_lot_core v0.8.6
   Compiling ahash v0.8.12
   Compiling sha1 v0.10.6
   Compiling iana-time-zone v0.1.63
   Compiling zeroize v1.8.1
   Compiling allocator-api2 v0.2.21
   Compiling unicode_categories v0.1.1
   Compiling rustls-pki-types v1.12.0
   Compiling rustls v0.20.9
   Compiling parking_lot v0.11.2
   Compiling hashbrown v0.14.5
   Compiling unicode-normalization v0.1.24
   Compiling httparse v1.10.1
   Compiling crossbeam-utils v0.8.21
   Compiling rand v0.8.5
   Compiling hmac v0.12.1
   Compiling dirs-sys v0.3.7
   Compiling byteorder v1.5.0
   Compiling crc-catalog v2.4.0
   Compiling unicode-properties v0.1.3
   Compiling unicode-bidi v0.3.18
   Compiling hashbrown v0.12.3
   Compiling crossbeam-queue v0.3.12
   Compiling indexmap v1.9.3
   Compiling crc v3.3.0
   Compiling dirs v4.0.0
   Compiling hkdf v0.12.4
   Compiling stringprep v0.1.5
   Compiling hashlink v0.8.4
   Compiling futures-intrusive v0.4.2
   Compiling ahash v0.7.8
   Compiling nom v7.1.3
   Compiling webpki-roots v0.22.6
   Compiling rustls-pemfile v1.0.4
   Compiling atoi v1.0.0
   Compiling serde_json v1.0.143
   Compiling futures-channel v0.3.31
   Compiling form_urlencoded v1.2.2
   Compiling md-5 v0.10.6
   Compiling tracing-core v0.1.34
   Compiling hex v0.4.3
   Compiling hashbrown v0.15.5
   Compiling either v1.15.0
   Compiling mime v0.3.17
   Compiling bitflags v1.3.2
   Compiling event-listener v2.5.3
   Compiling equivalent v1.0.2
   Compiling dotenvy v0.15.7
   Compiling whoami v1.6.1
   Compiling base64 v0.13.1
   Compiling tokio-rustls v0.23.4
   Compiling unicase v2.8.1
   Compiling sqlx-rt v0.6.3
   Compiling mime_guess v2.0.5
   Compiling tokio-stream v0.1.17
   Compiling indexmap v2.11.0
   Compiling sqlformat v0.2.6
   Compiling tracing v0.1.41
   Compiling getrandom v0.3.3
   Compiling tokio-util v0.7.16
   Compiling chrono v0.4.41
   Compiling http v1.3.1
   Compiling sha2 v0.10.9
   Compiling aho-corasick v1.1.3
   Compiling utf-8 v0.7.6
   Compiling data-encoding v2.9.0
   Compiling regex-syntax v0.8.6
   Compiling try-lock v0.2.5
   Compiling httpdate v1.0.3
   Compiling adler2 v2.0.1
   Compiling miniz_oxide v0.8.9
   Compiling tungstenite v0.21.0
   Compiling want v0.3.1
   Compiling h2 v0.3.27
   Compiling regex-automata v0.4.10
   Compiling sqlx-core v0.6.3
   Compiling uuid v1.18.1
   Compiling crc32fast v1.5.0
   Compiling webpki-roots v1.0.2
   Compiling rustls-webpki v0.103.4
   Compiling http-body v0.4.6
   Compiling headers-core v0.2.0
   Compiling socket2 v0.5.10
   Compiling encoding_rs v0.8.35
   Compiling tower-service v0.3.3
   Compiling spin v0.9.8
   Compiling pin-project v1.1.10
   Compiling headers v0.3.9
   Compiling regex v1.11.2
   Compiling hyper v0.14.32
   Compiling multer v2.1.0
   Compiling rustls v0.23.31
   Compiling webpki-roots v0.26.11
   Compiling flate2 v1.1.2
   Compiling tokio-tungstenite v0.21.0
   Compiling serde_urlencoded v0.7.1
   Compiling is-terminal v0.4.16
   Compiling base64 v0.22.1
   Compiling scoped-tls v1.0.1
   Compiling termcolor v1.4.1
   Compiling humantime v2.2.0
   Compiling env_logger v0.10.2
   Compiling anyhow v1.0.99
   Compiling lazy_static v1.5.0
   Compiling sqlx-macros v0.6.3
   Compiling warp v0.3.7
   Compiling ureq v2.12.1
   Compiling sqlx v0.6.3
   Compiling rust_api v0.1.0 (/home/eva/Projects/rust_api/app)
warning: methods `realm_issuer_url` and `introspect_url` are never used
  --> src/config.rs:39:12
   |
20 | impl AppConfig {
   | -------------- methods in this implementation
...
39 |     pub fn realm_issuer_url(&self) -> String {
   |            ^^^^^^^^^^^^^^^^
...
50 |     pub fn introspect_url(&self) -> String {
   |            ^^^^^^^^^^^^^^
   |
   = note: `#[warn(dead_code)]` on by default

warning: variants `Unauthorized`, `NotFound`, and `InternalServerError` are never constructed
  --> src/error.rs:9:5
   |
4  | pub enum AppError {
   |          -------- variants in this enum
...
9  |     Unauthorized,
   |     ^^^^^^^^^^^^
...
12 |     NotFound,
   |     ^^^^^^^^
...
15 |     InternalServerError,
   |     ^^^^^^^^^^^^^^^^^^^
   |
   = note: `AppError` has a derived impl for the trait `Debug`, but this is intentionally ignored during dead code analysis

warning: function `base64url_decode` is never used
  --> src/jwt.rs:60:4
   |
60 | fn base64url_decode(input: &str) -> Result<Vec<u8>> {
   |    ^^^^^^^^^^^^^^^^

warning: function `verify_keycloak_jwt` is never used
   --> src/jwt.rs:108:8
    |
108 | pub fn verify_keycloak_jwt(token: &str, cfg: &AppConfig) -> Result<Claims> {
    |        ^^^^^^^^^^^^^^^^^^^

warning: multiple fields are never read
   --> src/jwt.rs:194:5
    |
193 | struct IntrospectionResponse {
    |        --------------------- fields in this struct
194 |     active: bool,
    |     ^^^^^^
195 |     sub: Option<String>,
    |     ^^^
196 |     username: Option<String>,
    |     ^^^^^^^^
197 |     exp: Option<u64>,
    |     ^^^
198 |     iat: Option<u64>,
    |     ^^^
199 |     iss: Option<String>,
    |     ^^^
200 |     aud: Option<serde_json::Value>,
    |     ^^^
201 |     scope: Option<String>,
    |     ^^^^^

warning: function `introspect_token` is never used
   --> src/jwt.rs:204:8
    |
204 | pub fn introspect_token(token: &str, cfg: &AppConfig) -> Result<bool> {
    |        ^^^^^^^^^^^^^^^^

warning: struct `AuthUser` is never constructed
 --> src/middleware/auth.rs:7:12
  |
7 | pub struct AuthUser {
  |            ^^^^^^^^
  |
  = note: `AuthUser` has derived impls for the traits `Clone` and `Debug`, but these are intentionally ignored during dead code analysis

warning: function `auth_middleware` is never used
  --> src/middleware/auth.rs:13:8
   |
13 | pub fn auth_middleware(
   |        ^^^^^^^^^^^^^^^

warning: fields `id`, `user_id`, `title`, `description`, and `completed` are never read
  --> src/models/task.rs:19:9
   |
18 | pub struct NewTask {
   |            ------- fields in this struct
19 |     pub id: Uuid,
   |         ^^
20 |     pub user_id: Uuid,
   |         ^^^^^^^
21 |     pub title: String,
   |         ^^^^^
22 |     pub description: Option<String>,
   |         ^^^^^^^^^^^
23 |     pub completed: bool,
   |         ^^^^^^^^^

warning: fields `title`, `description`, and `completed` are never read
  --> src/models/task.rs:28:9
   |
27 | pub struct TaskUpdate {
   |            ---------- fields in this struct
28 |     pub title: Option<String>,
   |         ^^^^^
29 |     pub description: Option<String>,
   |         ^^^^^^^^^^^
30 |     pub completed: Option<bool>,
   |         ^^^^^^^^^

warning: fields `id`, `email`, `password_hash`, and `role` are never read
  --> src/models/user.rs:18:9
   |
17 | pub struct NewUser {
   |            ------- fields in this struct
18 |     pub id: Uuid,
   |         ^^
19 |     pub email: String,
   |         ^^^^^
20 |     pub password_hash: String,
   |         ^^^^^^^^^^^^^
21 |     pub role: String,
   |         ^^^^

warning: `rust_api` (bin "rust_api") generated 11 warnings
    Finished `dev` profile [unoptimized + debuginfo] target(s) in 1m 33s
     Running `target/debug/rust_api`
[2025-09-07T20:03:49Z INFO  rust_api] 🚀 Starting Rust API application...
[2025-09-07T20:03:49Z INFO  rust_api::db] 🔌 Connecting to PostgreSQL database...
[2025-09-07T20:04:23Z ERROR rust_api::db] ❌ Failed to connect to database: pool timed out while waiting for an open connection
[2025-09-07T20:04:23Z ERROR rust_api] ❌ Failed to connect to database: Database connection failed: pool timed out while waiting for an open connection
[2025-09-07T20:04:23Z ERROR rust_api] 💡 Make sure PostgreSQL is running and DATABASE_URL is set correctly
Error: Database connection failed: pool timed out while waiting for an open connection
